{"level":"info","message":"Connected to MongoDB at mongodb://localhost:27017/forever-living","timestamp":"2025-02-15T08:01:04.392Z"}
{"level":"info","message":"Server running on port 5000","timestamp":"2025-02-15T08:04:22.896Z"}
{"level":"info","message":"Connected to MongoDB at mongodb://localhost:27017/forever-living","timestamp":"2025-02-15T08:04:22.918Z"}
{"level":"info","message":"New booking from ::1: {\"name\":\"John Doe\",\"email\":\"omolloandrew37@gmail.com\",\"phone\":\"+254712345678\",\"date\":\"2025-03-15\",\"message\":\"I need a consultation about infertility treatment options.\"}","timestamp":"2025-02-15T08:04:51.805Z"}
{"level":"info","message":"Server running on port 5000","timestamp":"2025-02-15T08:09:02.223Z"}
{"level":"info","message":"Connected to MongoDB at mongodb://localhost:27017/forever-living","timestamp":"2025-02-15T08:09:02.255Z"}
{"level":"error","message":"Error sending email: booking is not defined","timestamp":"2025-02-15T08:11:13.848Z"}
{"level":"info","message":"Server running on port 5000","timestamp":"2025-02-15T08:12:25.571Z"}
{"level":"info","message":"Connected to MongoDB at mongodb://localhost:27017/forever-living","timestamp":"2025-02-15T08:12:25.606Z"}
{"level":"info","message":"Server running on port 5000","timestamp":"2025-02-15T08:15:29.978Z"}
{"level":"info","message":"Connected to MongoDB at mongodb://localhost:27017/forever-living","timestamp":"2025-02-15T08:15:30.005Z"}
{"level":"info","message":"Server running on port 5000","timestamp":"2025-02-15T08:15:47.377Z"}
{"level":"info","message":"Connected to MongoDB at mongodb://localhost:27017/forever-living","timestamp":"2025-02-15T08:15:47.419Z"}
{"level":"info","message":"📌 Booking saved: {\"name\":\"John Doe\",\"email\":\"omolloandrew37@gmail.com\",\"phone\":\"+254712345678\",\"date\":\"2025-03-15T00:00:00.000Z\",\"message\":\"I need a consultation about infertility treatment options.\",\"_id\":\"67b04d3858c3fd1b56220cc1\",\"createdAt\":\"2025-02-15T08:15:52.174Z\",\"__v\":0}","timestamp":"2025-02-15T08:15:52.187Z"}
{"level":"info","message":"📩 Emails sent successfully to omolloandrew37@gmail.com and admin.","timestamp":"2025-02-15T08:15:55.531Z"}
{"level":"info","message":"Server running on port 5000","timestamp":"2025-02-15T08:23:04.630Z"}
{"level":"info","message":"Connected to MongoDB at mongodb://localhost:27017/forever-living","timestamp":"2025-02-15T08:23:04.646Z"}
{"level":"info","message":"Server running on port 5000","timestamp":"2025-02-15T08:35:35.432Z"}
{"level":"info","message":"Connected to MongoDB at mongodb://localhost:27017/forever-living","timestamp":"2025-02-15T08:35:35.459Z"}
{"level":"info","message":"Server running on port 5000","timestamp":"2025-02-15T08:37:12.329Z"}
{"level":"info","message":"Connected to MongoDB at mongodb://localhost:27017/forever-living","timestamp":"2025-02-15T08:37:12.364Z"}
{"level":"info","message":"Server running on port 5000","timestamp":"2025-02-15T08:37:41.440Z"}
{"level":"info","message":"Connected to MongoDB at mongodb://localhost:27017/forever-living","timestamp":"2025-02-15T08:37:41.470Z"}
{"level":"info","message":"Server running on port 5000","timestamp":"2025-02-15T08:46:03.327Z"}
{"level":"info","message":"Connected to MongoDB at mongodb://localhost:27017/forever-living","timestamp":"2025-02-15T08:46:03.352Z"}
{"level":"info","message":"Server running on port 5000","timestamp":"2025-02-15T08:46:07.433Z"}
{"level":"info","message":"Connected to MongoDB at mongodb://localhost:27017/forever-living","timestamp":"2025-02-15T08:46:07.519Z"}
{"level":"info","message":"Server running on port 5000","timestamp":"2025-02-15T08:46:54.956Z"}
{"level":"info","message":"Connected to MongoDB at mongodb://localhost:27017/forever-living","timestamp":"2025-02-15T08:46:54.980Z"}
{"level":"info","message":"Server running on port 5000","timestamp":"2025-02-15T08:47:17.617Z"}
{"level":"info","message":"Connected to MongoDB at mongodb://localhost:27017/forever-living","timestamp":"2025-02-15T08:47:17.643Z"}
{"level":"info","message":"Server running on port 5000","timestamp":"2025-02-15T08:47:40.240Z"}
{"level":"info","message":"Connected to MongoDB at mongodb://localhost:27017/forever-living","timestamp":"2025-02-15T08:47:40.265Z"}
{"level":"info","message":"Server running on port 5000","timestamp":"2025-02-15T08:48:47.734Z"}
{"level":"info","message":"Connected to MongoDB at mongodb://localhost:27017/forever-living","timestamp":"2025-02-15T08:48:47.764Z"}
{"level":"info","message":"Server running on port 5000","timestamp":"2025-02-15T08:49:09.580Z"}
{"level":"info","message":"Connected to MongoDB at mongodb://localhost:27017/forever-living","timestamp":"2025-02-15T08:49:09.610Z"}
{"level":"info","message":"Server running on port 5000","timestamp":"2025-02-15T08:49:25.108Z"}
{"level":"info","message":"Connected to MongoDB at mongodb://localhost:27017/forever-living","timestamp":"2025-02-15T08:49:25.141Z"}
{"level":"info","message":"Server running on port 5000","timestamp":"2025-02-15T08:49:44.187Z"}
{"level":"info","message":"Connected to MongoDB at mongodb://localhost:27017/forever-living","timestamp":"2025-02-15T08:49:44.213Z"}
{"level":"info","message":"Server running on port 5000","timestamp":"2025-02-15T08:50:10.209Z"}
{"level":"info","message":"Connected to MongoDB at mongodb://localhost:27017/forever-living","timestamp":"2025-02-15T08:50:10.232Z"}
{"level":"info","message":"Connected to MongoDB at mongodb://localhost:27017/forever-living","timestamp":"2025-02-15T08:58:16.217Z"}
{"level":"info","message":"Connected to MongoDB at mongodb://localhost:27017/forever-living","timestamp":"2025-02-15T08:59:27.208Z"}
{"level":"info","message":"Connected to MongoDB at mongodb://localhost:27017/forever-living","timestamp":"2025-02-15T09:01:28.037Z"}
{"level":"info","message":"Connected to MongoDB at mongodb://localhost:27017/forever-living","timestamp":"2025-02-15T09:01:38.624Z"}
{"level":"info","message":"Server running on port 5000","timestamp":"2025-02-15T09:03:33.575Z"}
{"level":"info","message":"Connected to MongoDB at mongodb://localhost:27017/forever-living","timestamp":"2025-02-15T09:03:33.600Z"}
{"level":"info","message":"Server running on port 5000","timestamp":"2025-02-15T09:04:15.270Z"}
{"level":"info","message":"Connected to MongoDB at mongodb://localhost:27017/forever-living","timestamp":"2025-02-15T09:04:15.300Z"}
{"level":"info","message":"Server running on port 5000","timestamp":"2025-02-15T09:04:26.495Z"}
{"level":"info","message":"Connected to MongoDB at mongodb://localhost:27017/forever-living","timestamp":"2025-02-15T09:04:26.529Z"}
{"level":"info","message":"Server running on port 5000","timestamp":"2025-02-15T09:04:46.752Z"}
{"level":"info","message":"Connected to MongoDB at mongodb://localhost:27017/forever-living","timestamp":"2025-02-15T09:04:46.787Z"}
{"level":"info","message":"Server running on port 5000","timestamp":"2025-02-15T09:17:53.687Z"}
{"level":"info","message":"Connected to MongoDB at mongodb://localhost:27017/forever-living","timestamp":"2025-02-15T09:17:53.704Z"}
{"level":"info","message":"Server running on port 5000","timestamp":"2025-02-15T09:27:08.499Z"}
{"level":"info","message":"Connected to MongoDB at mongodb://localhost:27017/forever-living","timestamp":"2025-02-15T09:27:08.517Z"}
{"code":"ENOENT","errno":-4058,"level":"error","message":"ENOENT: no such file or directory, open 'C:\\Users\\Andrew\\Desktop\\Web development\\forever\\uploads\\1739611701295-aloe-vera-gel.jpg' ENOENT: no such file or directory, open 'C:\\Users\\Andrew\\Desktop\\Web development\\forever\\uploads\\1739611701295-aloe-vera-gel.jpg'","path":"C:\\Users\\Andrew\\Desktop\\Web development\\forever\\uploads\\1739611701295-aloe-vera-gel.jpg","stack":"Error: ENOENT: no such file or directory, open 'C:\\Users\\Andrew\\Desktop\\Web development\\forever\\uploads\\1739611701295-aloe-vera-gel.jpg'","storageErrors":[],"syscall":"open","timestamp":"2025-02-15T09:28:21.297Z"}
{"level":"info","message":"Server running on port 5000","timestamp":"2025-02-15T09:29:55.300Z"}
{"level":"info","message":"Connected to MongoDB at mongodb://localhost:27017/forever-living","timestamp":"2025-02-15T09:29:55.326Z"}
{"level":"info","message":"Server running on port 5000","timestamp":"2025-02-15T09:40:13.053Z"}
{"level":"info","message":"Connected to MongoDB at mongodb://localhost:27017/forever-living","timestamp":"2025-02-15T09:40:13.070Z"}
{"level":"info","message":"Server running on port 5000","timestamp":"2025-02-15T09:41:01.681Z"}
{"level":"info","message":"Connected to MongoDB at mongodb://localhost:27017/forever-living","timestamp":"2025-02-15T09:41:01.700Z"}
{"level":"info","message":"Server running on port 5000","timestamp":"2025-02-15T09:41:49.410Z"}
{"level":"info","message":"Connected to MongoDB at mongodb://localhost:27017/forever-living","timestamp":"2025-02-15T09:41:49.443Z"}
{"level":"info","message":"Server running on port 5000","timestamp":"2025-02-15T09:42:03.623Z"}
{"level":"info","message":"Connected to MongoDB at mongodb://localhost:27017/forever-living","timestamp":"2025-02-15T09:42:03.658Z"}
{"level":"info","message":"Server running on port 5000","timestamp":"2025-02-15T09:42:20.070Z"}
{"level":"info","message":"Connected to MongoDB at mongodb://localhost:27017/forever-living","timestamp":"2025-02-15T09:42:20.095Z"}
{"level":"info","message":"Server running on port 5000","timestamp":"2025-02-15T09:49:12.799Z"}
{"level":"info","message":"Connected to MongoDB at mongodb://localhost:27017/forever-living","timestamp":"2025-02-15T09:49:12.818Z"}
{"level":"info","message":"Server running on port 5000","timestamp":"2025-02-15T09:49:27.141Z"}
{"level":"info","message":"Connected to MongoDB at mongodb://localhost:27017/forever-living","timestamp":"2025-02-15T09:49:27.166Z"}
{"level":"info","message":"Server running on port 5000","timestamp":"2025-02-15T09:51:10.884Z"}
{"level":"info","message":"Connected to MongoDB at mongodb://localhost:27017/forever-living","timestamp":"2025-02-15T09:51:10.908Z"}
{"level":"info","message":"Server running on port 5000","timestamp":"2025-02-15T09:54:20.961Z"}
{"level":"info","message":"Connected to MongoDB at mongodb://localhost:27017/forever-living","timestamp":"2025-02-15T09:54:20.979Z"}
{"level":"info","message":"Server running on port 5000","timestamp":"2025-02-15T09:55:10.334Z"}
{"level":"info","message":"Connected to MongoDB at mongodb://localhost:27017/forever-living","timestamp":"2025-02-15T09:55:10.373Z"}
{"level":"info","message":"Server running on port 5000","timestamp":"2025-02-15T09:55:28.425Z"}
{"level":"info","message":"Connected to MongoDB at mongodb://localhost:27017/forever-living","timestamp":"2025-02-15T09:55:28.613Z"}
{"level":"info","message":"Server running on port 5000","timestamp":"2025-02-15T09:57:43.405Z"}
{"level":"info","message":"Connected to MongoDB at mongodb://localhost:27017/forever-living","timestamp":"2025-02-15T09:57:43.424Z"}
{"level":"info","message":"Server running on port 5000","timestamp":"2025-02-15T09:58:37.398Z"}
{"level":"info","message":"Connected to MongoDB at mongodb://localhost:27017/forever-living","timestamp":"2025-02-15T09:58:37.419Z"}
{"level":"info","message":"Server running on port 5000","timestamp":"2025-02-15T09:58:40.289Z"}
{"level":"info","message":"Connected to MongoDB at mongodb://localhost:27017/forever-living","timestamp":"2025-02-15T09:58:40.307Z"}
{"level":"info","message":"Server running on port 5000","timestamp":"2025-02-15T10:09:14.387Z"}
{"level":"info","message":"Connected to MongoDB at mongodb://localhost:27017/forever-living","timestamp":"2025-02-15T10:09:14.416Z"}
{"level":"info","message":"Server running on port 5000","timestamp":"2025-02-15T10:15:47.121Z"}
{"level":"info","message":"Connected to MongoDB at mongodb://localhost:27017/forever-living","timestamp":"2025-02-15T10:15:47.155Z"}
{"level":"info","message":"Server running on port 5000","timestamp":"2025-02-15T10:17:04.147Z"}
{"level":"info","message":"Connected to MongoDB at mongodb://localhost:27017/forever-living","timestamp":"2025-02-15T10:17:04.164Z"}
{"level":"info","message":"Server running on port 5000","timestamp":"2025-02-15T10:21:35.578Z"}
{"level":"info","message":"Connected to MongoDB at mongodb://localhost:27017/forever-living","timestamp":"2025-02-15T10:21:35.627Z"}
{"level":"info","message":"Server running on port 5000","timestamp":"2025-02-15T10:21:52.265Z"}
{"level":"info","message":"Connected to MongoDB at mongodb://localhost:27017/forever-living","timestamp":"2025-02-15T10:21:52.286Z"}
{"level":"info","message":"Server running on port 5000","timestamp":"2025-02-15T14:26:36.717Z"}
{"level":"info","message":"Connected to MongoDB at mongodb://localhost:27017/forever-living","timestamp":"2025-02-15T14:26:36.740Z"}
{"level":"info","message":"Server running on port 5000","timestamp":"2025-02-15T14:30:55.624Z"}
{"level":"info","message":"Connected to MongoDB at mongodb://localhost:27017/forever-living","timestamp":"2025-02-15T14:30:55.648Z"}
{"level":"info","message":"Server running on port 5000","timestamp":"2025-02-15T14:32:13.679Z"}
{"level":"info","message":"Connected to MongoDB at mongodb://localhost:27017/forever-living","timestamp":"2025-02-15T14:32:13.696Z"}
{"level":"info","message":"Server running on port 5000","timestamp":"2025-02-15T14:33:11.419Z"}
{"level":"info","message":"Connected to MongoDB at mongodb://localhost:27017/forever-living","timestamp":"2025-02-15T14:33:11.440Z"}
{"level":"info","message":"Server running on port 5000","timestamp":"2025-02-15T14:43:25.338Z"}
{"level":"info","message":"Connected to MongoDB at mongodb://localhost:27017/forever-living","timestamp":"2025-02-15T14:43:25.358Z"}
{"level":"info","message":"Connected to MongoDB at mongodb://localhost:27017/forever-living","timestamp":"2025-02-15T14:45:51.385Z"}
{"level":"info","message":"Server running on port 5000","timestamp":"2025-02-15T14:51:54.998Z"}
{"level":"info","message":"Connected to MongoDB at mongodb://localhost:27017/forever-living","timestamp":"2025-02-15T14:51:55.033Z"}
{"level":"info","message":"Server running on port 5000","timestamp":"2025-02-15T14:52:34.073Z"}
{"level":"info","message":"Connected to MongoDB at mongodb://localhost:27017/forever-living","timestamp":"2025-02-15T14:52:34.095Z"}
{"level":"info","message":"Server running on port 5000","timestamp":"2025-02-15T14:52:50.830Z"}
{"level":"info","message":"Connected to MongoDB at mongodb://localhost:27017/forever-living","timestamp":"2025-02-15T14:52:50.851Z"}
{"level":"info","message":"Server running on port 5000","timestamp":"2025-02-15T14:58:10.560Z"}
{"level":"info","message":"Connected to MongoDB at mongodb://localhost:27017/forever-living","timestamp":"2025-02-15T14:58:10.585Z"}
{"level":"info","message":"Server running on port 5000","timestamp":"2025-02-15T14:58:34.253Z"}
{"level":"info","message":"Connected to MongoDB at mongodb://localhost:27017/forever-living","timestamp":"2025-02-15T14:58:34.274Z"}
