2024-11-05T20:05:29.952Z [ERROR]: Could not connect to MongoDB read ECONNRESET
2024-11-05T20:06:12.213Z [ERROR]: Could not connect to MongoDB read ECONNRESET
2024-11-05T20:07:56.778Z [ERROR]: Could not connect to MongoDB read ECONNRESET
2024-11-05T20:09:35.355Z [ERROR]: Could not connect to MongoDB read ECONNRESET
2024-12-02T08:58:35.208Z [ERROR]: Not allowed by CORS Not allowed by CORS
2024-12-02T08:58:46.211Z [ERROR]: Not allowed by CORS Not allowed by CORS
2024-12-02T08:58:50.864Z [ERROR]: Could not connect to MongoDB read ECONNRESET
2024-12-02T09:00:21.869Z [ERROR]: Could not connect to MongoDB read ECONNRESET
2024-12-02T09:02:26.073Z [ERROR]: Could not connect to MongoDB read ECONNRESET
2024-12-06T12:59:43.984Z [ERROR]: Could not connect to MongoDB read ECONNRESET
2024-12-22T16:59:36.564Z [ERROR]: Could not connect to MongoDB at mongodb+srv://forever:ruXb6O7xAjcSC70m@cluster0.fbt1k.mongodb.net/?retryWrites=true&w=majority&appName=Cluster0 querySrv ECONNREFUSED _mongodb._tcp.cluster0.fbt1k.mongodb.net
2024-12-22T17:17:20.724Z [ERROR]: Could not connect to MongoDB at mongodb://localhost:27017/forever read ECONNRESET
2025-02-10T09:15:24.278Z [ERROR]: Not allowed by CORS Not allowed by CORS
2025-02-10T09:16:46.404Z [ERROR]: Not allowed by CORS Not allowed by CORS
2025-02-12T14:28:29.818Z [ERROR]: Could not connect to MongoDB at mongodb+srv://forever:ruXb6O7xAjcSC70m@cluster0.fbt1k.mongodb.net/?retryWrites=true&w=majority&appName=Cluster0 querySrv ETIMEOUT _mongodb._tcp.cluster0.fbt1k.mongodb.net
2025-02-13T04:12:28.663Z [ERROR]: Could not connect to MongoDB at mongodb+srv://forever:ruXb6O7xAjcSC70m@cluster0.fbt1k.mongodb.net/?retryWrites=true&w=majority&appName=Cluster0 Could not connect to any servers in your MongoDB Atlas cluster. One common reason is that you're trying to access the database from an IP that isn't whitelisted. Make sure your current IP address is on your Atlas cluster's IP whitelist: https://www.mongodb.com/docs/atlas/security-whitelist/
2025-02-13T08:51:39.525Z [ERROR]: Could not connect to MongoDB at mongodb+srv://forever:ruXb6O7xAjcSC70m@cluster0.fbt1k.mongodb.net/?retryWrites=true&w=majority&appName=Cluster0 querySrv ECONNREFUSED _mongodb._tcp.cluster0.fbt1k.mongodb.net
2025-02-13T08:51:47.294Z [ERROR]: Could not connect to MongoDB at mongodb+srv://forever:ruXb6O7xAjcSC70m@cluster0.fbt1k.mongodb.net/?retryWrites=true&w=majority&appName=Cluster0 querySrv ECONNREFUSED _mongodb._tcp.cluster0.fbt1k.mongodb.net
2025-02-14T05:35:19.636Z [ERROR]: Could not connect to MongoDB at mongodb+srv://forever:ruXb6O7xAjcSC70m@cluster0.fbt1k.mongodb.net/?retryWrites=true&w=majority&appName=Cluster0 querySrv ECONNREFUSED _mongodb._tcp.cluster0.fbt1k.mongodb.net
2025-02-14T06:48:30.743Z [ERROR]: Could not connect to MongoDB at mongodb+srv://forever:ruXb6O7xAjcSC70m@cluster0.fbt1k.mongodb.net/?retryWrites=true&w=majority&appName=Cluster0 querySrv ETIMEOUT _mongodb._tcp.cluster0.fbt1k.mongodb.net
2025-02-14T19:57:28.748Z [ERROR]: Could not connect to MongoDB at mongodb+srv://forever:ruXb6O7xAjcSC70m@cluster0.fbt1k.mongodb.net/?retryWrites=true&w=majority&appName=Cluster0 querySrv ETIMEOUT _mongodb._tcp.cluster0.fbt1k.mongodb.net
2025-02-14T19:58:16.003Z [ERROR]: Could not connect to MongoDB at mongodb+srv://forever:ruXb6O7xAjcSC70m@cluster0.fbt1k.mongodb.net/?retryWrites=true&w=majority&appName=Cluster0 querySrv ETIMEOUT _mongodb._tcp.cluster0.fbt1k.mongodb.net
2025-02-14T19:59:16.285Z [ERROR]: Could not connect to MongoDB at mongodb+srv://forever:ruXb6O7xAjcSC70m@cluster0.fbt1k.mongodb.net/?retryWrites=true&w=majority&appName=Cluster0 queryTxt ETIMEOUT cluster0.fbt1k.mongodb.net
2025-02-14T21:04:53.524Z [ERROR]: Could not connect to MongoDB at mongodb+srv://forever:ruXb6O7xAjcSC70m@cluster0.fbt1k.mongodb.net/?retryWrites=true&w=majority&appName=Cluster0 querySrv ETIMEOUT _mongodb._tcp.cluster0.fbt1k.mongodb.net
2025-02-15T07:01:26.666Z [ERROR]: Could not connect to MongoDB at mongodb+srv://forever:ruXb6O7xAjcSC70m@cluster0.fbt1k.mongodb.net/?retryWrites=true&w=majority&appName=Cluster0 querySrv ETIMEOUT _mongodb._tcp.cluster0.fbt1k.mongodb.net
2025-02-15T07:04:35.001Z [ERROR]: Could not connect to MongoDB at mongodb+srv://forever:ruXb6O7xAjcSC70m@cluster0.fbt1k.mongodb.net/?retryWrites=true&w=majority&appName=Cluster0 querySrv ETIMEOUT _mongodb._tcp.cluster0.fbt1k.mongodb.net
2025-02-15T07:05:39.367Z [ERROR]: Could not connect to MongoDB at mongodb+srv://forever:ruXb6O7xAjcSC70m@cluster0.fbt1k.mongodb.net/?retryWrites=true&w=majority&appName=Cluster0 querySrv ETIMEOUT _mongodb._tcp.cluster0.fbt1k.mongodb.net
2025-02-15T07:07:44.451Z [ERROR]: Could not connect to MongoDB at mongodb+srv://forever:ruXb6O7xAjcSC70m@cluster0.fbt1k.mongodb.net/?retryWrites=true&w=majority&appName=Cluster0 querySrv ETIMEOUT _mongodb._tcp.cluster0.fbt1k.mongodb.net
2025-02-15T07:14:04.433Z [ERROR]: Could not connect to MongoDB at mongodb+srv://forever:ruXb6O7xAjcSC70m@cluster0.fbt1k.mongodb.net/?retryWrites=true&w=majority&appName=Cluster0 querySrv ETIMEOUT _mongodb._tcp.cluster0.fbt1k.mongodb.net
2025-02-15T07:24:37.100Z [ERROR]: Expected property name or '}' in JSON at position 3 (line 2 column 1) Expected property name or '}' in JSON at position 3 (line 2 column 1)
{"level":"error","message":"Error sending email: booking is not defined","timestamp":"2025-02-15T08:11:13.848Z"}
{"code":"ENOENT","errno":-4058,"level":"error","message":"ENOENT: no such file or directory, open 'C:\\Users\\Andrew\\Desktop\\Web development\\forever\\uploads\\1739611701295-aloe-vera-gel.jpg' ENOENT: no such file or directory, open 'C:\\Users\\Andrew\\Desktop\\Web development\\forever\\uploads\\1739611701295-aloe-vera-gel.jpg'","path":"C:\\Users\\Andrew\\Desktop\\Web development\\forever\\uploads\\1739611701295-aloe-vera-gel.jpg","stack":"Error: ENOENT: no such file or directory, open 'C:\\Users\\Andrew\\Desktop\\Web development\\forever\\uploads\\1739611701295-aloe-vera-gel.jpg'","storageErrors":[],"syscall":"open","timestamp":"2025-02-15T09:28:21.297Z"}
